2016-02-03 13:20:33,813 3      [       Worker-4] ERROR nal.ExecutableExtensionFactory  - 
java.lang.NullPointerException
	at org.eclipse.xtext.ui.guice.AbstractGuiceAwareExecutableExtensionFactory.create(AbstractGuiceAwareExecutableExtensionFactory.java:52)
	at org.eclipse.core.internal.registry.ConfigurationElement.createExecutableExtension(ConfigurationElement.java:262)
	at org.eclipse.core.internal.registry.ConfigurationElementHandle.createExecutableExtension(ConfigurationElementHandle.java:55)
	at org.eclipse.jdt.internal.core.JavaModelManager$CompilationParticipants$1.run(JavaModelManager.java:337)
	at org.eclipse.core.runtime.SafeRunner.run(SafeRunner.java:42)
	at org.eclipse.jdt.internal.core.JavaModelManager$CompilationParticipants.getCompilationParticipants(JavaModelManager.java:332)
	at org.eclipse.jdt.internal.core.builder.JavaBuilder.initializeBuilder(JavaBuilder.java:589)
	at org.eclipse.jdt.internal.core.builder.JavaBuilder.build(JavaBuilder.java:169)
	at org.eclipse.core.internal.events.BuildManager$2.run(BuildManager.java:734)
	at org.eclipse.core.runtime.SafeRunner.run(SafeRunner.java:42)
	at org.eclipse.core.internal.events.BuildManager.basicBuild(BuildManager.java:206)
	at org.eclipse.core.internal.events.BuildManager.basicBuild(BuildManager.java:246)
	at org.eclipse.core.internal.events.BuildManager$1.run(BuildManager.java:299)
	at org.eclipse.core.runtime.SafeRunner.run(SafeRunner.java:42)
	at org.eclipse.core.internal.events.BuildManager.basicBuild(BuildManager.java:302)
	at org.eclipse.core.internal.events.BuildManager.basicBuildLoop(BuildManager.java:358)
	at org.eclipse.core.internal.events.BuildManager.build(BuildManager.java:381)
	at org.eclipse.core.internal.events.AutoBuildJob.doBuild(AutoBuildJob.java:143)
	at org.eclipse.core.internal.events.AutoBuildJob.run(AutoBuildJob.java:241)
	at org.eclipse.core.internal.jobs.Worker.run(Worker.java:54)
